<?xml version="1.0" encoding="UTF-8"?>
<!-- Generated by org.testng.reporters.JUnitReportReporter -->
<testsuite hostname="Priya" failures="0" tests="1" name="SeleniumPackage2.SeleniumProject2.Registration_Ease" time="36.479" errors="0" timestamp="2024-10-28T14:37:06 IST" skipped="0">
  <testcase classname="SeleniumPackage2.SeleniumProject2.Registration_Ease" name="Registration" time="36.479"/>
  <system-out>
    <![CDATA[Test case is pass]]>
  </system-out>
</testsuite> <!-- SeleniumPackage2.SeleniumProject2.Registration_Ease -->
