<?xml version="1.0" encoding="UTF-8"?>
<!-- Generated by org.testng.reporters.JUnitReportReporter -->
<testsuite hostname="Priya" failures="0" tests="1" name="SeleniumPackage2.SeleniumProject2.validLogin_2Ease" time="22.311" errors="0" timestamp="2024-11-14T11:50:10 IST" skipped="0">
  <testcase classname="SeleniumPackage2.SeleniumProject2.validLogin_2Ease" name="Login" time="22.311"/>
  <system-out>
    <![CDATA[Test case is pass]]>
  </system-out>
</testsuite> <!-- SeleniumPackage2.SeleniumProject2.validLogin_2Ease -->
