<?xml version="1.0" encoding="UTF-8"?>
<!-- Generated by org.testng.reporters.JUnitReportReporter -->
<testsuite hostname="Priya" failures="0" tests="3" name="viva.Parallel" time="96.783" errors="0" timestamp="2024-10-23T18:41:26 IST" skipped="0">
  <testcase classname="viva.Parallel" name="Parallel" time="37.968"/>
  <system-out/>
  <testcase classname="viva.Parallel" name="Parallel" time="39.942"/>
  <system-out/>
  <testcase classname="viva.Parallel" name="Parallel" time="18.873"/>
  <system-out/>
</testsuite> <!-- viva.Parallel -->
