<?xml version="1.0" encoding="UTF-8"?>
<!-- Generated by org.testng.reporters.JUnitReportReporter -->
<testsuite hostname="Priya" failures="0" tests="1" name="SeleniumPackage2.SeleniumProject2.DomesticRound_14Ease" time="28.510" errors="0" timestamp="2024-11-13T20:30:55 IST" skipped="0">
  <testcase classname="SeleniumPackage2.SeleniumProject2.DomesticRound_14Ease" name="Domestic" time="28.510"/>
  <system-out>
    <![CDATA[Test case is pass]]>
  </system-out>
</testsuite> <!-- SeleniumPackage2.SeleniumProject2.DomesticRound_14Ease -->
