<?xml version="1.0" encoding="UTF-8"?>
<!-- Generated by org.testng.reporters.JUnitReportReporter -->
<testsuite hostname="Priya" failures="0" tests="1" name="SeleniumPackage2.SeleniumProject2.MultiPassanger_9Ease" time="50.950" errors="0" timestamp="2024-11-13T20:39:12 IST" skipped="0">
  <testcase classname="SeleniumPackage2.SeleniumProject2.MultiPassanger_9Ease" name="AddPassenger" time="50.950"/>
  <system-out>
    <![CDATA[Test case is pass]]>
  </system-out>
</testsuite> <!-- SeleniumPackage2.SeleniumProject2.MultiPassanger_9Ease -->
