<?xml version="1.0" encoding="UTF-8"?>
<!-- Generated by org.testng.reporters.JUnitReportReporter -->
<testsuite hostname="Priya" failures="0" tests="1" name="SeleniumPackage2.SeleniumProject2.SearchResultPage_10Ease" time="54.020" errors="0" timestamp="2024-11-13T20:47:06 IST" skipped="0">
  <testcase classname="SeleniumPackage2.SeleniumProject2.SearchResultPage_10Ease" name="search" time="54.020"/>
  <system-out>
    <![CDATA[Test case is pass]]>
  </system-out>
</testsuite> <!-- SeleniumPackage2.SeleniumProject2.SearchResultPage_10Ease -->
