<?xml version="1.0" encoding="UTF-8"?>
<!-- Generated by org.testng.reporters.JUnitReportReporter -->
<testsuite hostname="Priya" failures="0" tests="3" name="viva.Browsers" time="104.947" errors="0" timestamp="2024-10-23T18:30:50 IST" skipped="0">
  <testcase classname="viva.Browsers" name="Parallel" time="39.374"/>
  <system-out/>
  <testcase classname="viva.Browsers" name="Parallel" time="26.070"/>
  <system-out/>
  <testcase classname="viva.Browsers" name="Parallel" time="39.503"/>
  <system-out/>
</testsuite> <!-- viva.Browsers -->
